  Server_Source.cpp
Server_Source.obj : error LNK2005: "int Server::port" (?port@Server@@3HA) zaten Server.obj üzerinde tanımlandı
Server_Source.obj : error LNK2005: "class sf::SocketSelector Server::selector" (?selector@Server@@3VSocketSelector@sf@@A) zaten Server.obj üzerinde tanımlandı
Server_Source.obj : error LNK2005: "class sf::TcpListener Server::listener" (?listener@Server@@3VTcpListener@sf@@A) zaten Server.obj üzerinde tanımlandı
Server_Source.obj : error LNK2005: "class std::vector<class sf::TcpSocket *,class std::allocator<class sf::TcpSocket *> > Server::sockets" (?sockets@Server@@3V?$vector@PEAVTcpSocket@sf@@V?$allocator@PEAVTcpSocket@sf@@@std@@@std@@A) zaten Server.obj üzerinde tanımlandı
Server_Source.obj : error LNK2005: "class sf::IpAddress Server::ip_address" (?ip_address@Server@@3VIpAddress@sf@@A) zaten Server.obj üzerinde tanımlandı
Server.obj : error LNK2019: çözümlenmemiş dış sembol "__declspec(dllimport) public: __cdecl sf::IpAddress::IpAddress(void)" (__imp_??0IpAddress@sf@@QEAA@XZ) için "void __cdecl Server::`dynamic initializer for 'ip_address''(void)" (??__Eip_address@Server@@YAXXZ) işlevinde başvuruldu
Server_Source.obj : error LNK2001: çözümlenmemiş dış sembol "__declspec(dllimport) public: __cdecl sf::IpAddress::IpAddress(void)" (__imp_??0IpAddress@sf@@QEAA@XZ)
Server.obj : error LNK2019: çözümlenmemiş dış sembol "__declspec(dllimport) public: __cdecl sf::IpAddress::IpAddress(class std::basic_string<char,struct std::char_traits<char>,class std::allocator<char> > const &)" (__imp_??0IpAddress@sf@@QEAA@AEBV?$basic_string@DU?$char_traits@D@std@@V?$allocator@D@2@@std@@@Z) için "bool __cdecl Server::start_listening(class std::basic_string<char,struct std::char_traits<char>,class std::allocator<char> >,int)" (?start_listening@Server@@YA_NV?$basic_string@DU?$char_traits@D@std@@V?$allocator@D@2@@std@@H@Z) işlevinde başvuruldu
Server.obj : error LNK2019: çözümlenmemiş dış sembol "__declspec(dllimport) public: __cdecl sf::SocketSelector::SocketSelector(void)" (__imp_??0SocketSelector@sf@@QEAA@XZ) için "void __cdecl Server::`dynamic initializer for 'selector''(void)" (??__Eselector@Server@@YAXXZ) işlevinde başvuruldu
Server_Source.obj : error LNK2001: çözümlenmemiş dış sembol "__declspec(dllimport) public: __cdecl sf::SocketSelector::SocketSelector(void)" (__imp_??0SocketSelector@sf@@QEAA@XZ)
Server.obj : error LNK2019: çözümlenmemiş dış sembol "__declspec(dllimport) public: __cdecl sf::SocketSelector::~SocketSelector(void)" (__imp_??1SocketSelector@sf@@QEAA@XZ) için "void __cdecl Server::`dynamic atexit destructor for 'selector''(void)" (??__Fselector@Server@@YAXXZ) işlevinde başvuruldu
Server_Source.obj : error LNK2001: çözümlenmemiş dış sembol "__declspec(dllimport) public: __cdecl sf::SocketSelector::~SocketSelector(void)" (__imp_??1SocketSelector@sf@@QEAA@XZ)
Server.obj : error LNK2019: çözümlenmemiş dış sembol "__declspec(dllimport) public: void __cdecl sf::SocketSelector::add(class sf::Socket &)" (__imp_?add@SocketSelector@sf@@QEAAXAEAVSocket@2@@Z) için "bool __cdecl Server::start_listening(class std::basic_string<char,struct std::char_traits<char>,class std::allocator<char> >,int)" (?start_listening@Server@@YA_NV?$basic_string@DU?$char_traits@D@std@@V?$allocator@D@2@@std@@H@Z) işlevinde başvuruldu
Server.obj : error LNK2019: çözümlenmemiş dış sembol "__declspec(dllimport) public: __cdecl sf::TcpListener::TcpListener(void)" (__imp_??0TcpListener@sf@@QEAA@XZ) için "void __cdecl Server::`dynamic initializer for 'listener''(void)" (??__Elistener@Server@@YAXXZ) işlevinde başvuruldu
Server_Source.obj : error LNK2001: çözümlenmemiş dış sembol "__declspec(dllimport) public: __cdecl sf::TcpListener::TcpListener(void)" (__imp_??0TcpListener@sf@@QEAA@XZ)
Server.obj : error LNK2019: çözümlenmemiş dış sembol "__declspec(dllimport) public: enum sf::Socket::Status __cdecl sf::TcpListener::listen(unsigned short,class sf::IpAddress const &)" (__imp_?listen@TcpListener@sf@@QEAA?AW4Status@Socket@2@GAEBVIpAddress@2@@Z) için "bool __cdecl Server::start_listening(class std::basic_string<char,struct std::char_traits<char>,class std::allocator<char> >,int)" (?start_listening@Server@@YA_NV?$basic_string@DU?$char_traits@D@std@@V?$allocator@D@2@@std@@H@Z) işlevinde başvuruldu
Server.obj : error LNK2019: çözümlenmemiş dış sembol "__declspec(dllimport) public: virtual __cdecl sf::TcpListener::~TcpListener(void)" (__imp_??1TcpListener@sf@@UEAA@XZ) için "void __cdecl Server::`dynamic atexit destructor for 'listener''(void)" (??__Flistener@Server@@YAXXZ) işlevinde başvuruldu
Server_Source.obj : error LNK2001: çözümlenmemiş dış sembol "__declspec(dllimport) public: virtual __cdecl sf::TcpListener::~TcpListener(void)" (__imp_??1TcpListener@sf@@UEAA@XZ)
D:\C Coding\P\Project MOBA\\SFML\lib\sfml-window-d.lib : warning LNK4272: 'x86' kitaplık makine türü, 'x64' hedef makine türüyle çakışıyor
D:\C Coding\P\Project MOBA\\SFML\lib\sfml-graphics-d.lib : warning LNK4272: 'x86' kitaplık makine türü, 'x64' hedef makine türüyle çakışıyor
D:\C Coding\P\Project MOBA\\SFML\lib\sfml-system-d.lib : warning LNK4272: 'x86' kitaplık makine türü, 'x64' hedef makine türüyle çakışıyor
D:\C Coding\P\Project MOBA\\SFML\lib\sfml-audio-d.lib : warning LNK4272: 'x86' kitaplık makine türü, 'x64' hedef makine türüyle çakışıyor
D:\C Coding\P\Project MOBA\\SFML\lib\sfml-network-d.lib : warning LNK4272: 'x86' kitaplık makine türü, 'x64' hedef makine türüyle çakışıyor
D:\C Coding\P\Project MOBA\x64\Debug\Server.exe : fatal error LNK1120: 8 çözümlenmemiş dışlar
