d:\c coding\p\project moba\server\debug\vc143.pdb
d:\c coding\p\project moba\server\debug\vc143.idb
d:\c coding\p\project moba\server\debug\server_source.obj
d:\c coding\p\project moba\server\debug\server.obj
d:\c coding\project chess\debug\server.lib
d:\c coding\p\project moba\debug\server.lib
d:\c coding\p\project moba\server\debug\consoleapplication108.obj
d:\c coding\p\project moba\server\debug\consoleapplication108.ilk
d:\c coding\p\project moba\debug\server.pdb
d:\c coding\p\project moba\server\debug\server.tlog\cl.command.1.tlog
d:\c coding\p\project moba\server\debug\server.tlog\cl.items.tlog
d:\c coding\p\project moba\server\debug\server.tlog\cl.read.1.tlog
d:\c coding\p\project moba\server\debug\server.tlog\cl.write.1.tlog
d:\c coding\p\project moba\server\debug\server.tlog\link-cvtres.read.1.tlog
d:\c coding\p\project moba\server\debug\server.tlog\link-cvtres.write.1.tlog
d:\c coding\p\project moba\server\debug\server.tlog\link-rc.read.1.tlog
d:\c coding\p\project moba\server\debug\server.tlog\link-rc.write.1.tlog
d:\c coding\p\project moba\server\debug\server.tlog\link.4448-cvtres.read.1.tlog
d:\c coding\p\project moba\server\debug\server.tlog\link.4448-cvtres.write.1.tlog
d:\c coding\p\project moba\server\debug\server.tlog\link.4448-rc.read.1.tlog
d:\c coding\p\project moba\server\debug\server.tlog\link.4448-rc.write.1.tlog
d:\c coding\p\project moba\server\debug\server.tlog\link.4448.read.1.tlog
d:\c coding\p\project moba\server\debug\server.tlog\link.4448.write.1.tlog
d:\c coding\p\project moba\server\debug\server.tlog\link.command.1.tlog
d:\c coding\p\project moba\server\debug\server.tlog\link.read.1.tlog
d:\c coding\p\project moba\server\debug\server.tlog\link.write.1.tlog
d:\c coding\p\project moba\server\debug\server.tlog\link.write.2u.tlog
